SF:lib/src/global_event_bus_api.dart
DA:12,0
DA:16,3
DA:17,2
DA:18,2
DA:20,1
DA:25,0
DA:28,1
DA:34,2
DA:43,1
DA:48,2
DA:56,1
DA:62,2
DA:71,1
DA:78,2
DA:88,1
DA:94,2
DA:103,0
DA:108,0
DA:116,0
DA:117,0
DA:121,1
DA:122,2
DA:126,0
DA:127,0
DA:131,0
DA:132,0
DA:136,0
DA:137,0
DA:141,0
DA:144,0
DA:147,0
DA:150,0
DA:153,0
DA:154,0
DA:158,0
DA:159,0
LF:36
LH:16
end_of_record
SF:lib/src/global_event_model.dart
DA:19,1
DA:20,2
DA:21,5
DA:22,2
DA:25,1
DA:26,2
DA:38,1
DA:42,1
DA:43,1
DA:45,1
DA:47,4
DA:52,0
DA:54,0
DA:62,1
DA:69,0
DA:71,0
LF:16
LH:12
end_of_record
SF:lib/src/global_event_log.dart
DA:79,1
DA:123,0
DA:136,0
DA:137,0
DA:138,0
DA:139,0
DA:140,0
DA:141,0
DA:142,0
DA:143,0
DA:144,0
DA:145,0
DA:146,0
DA:147,0
DA:154,2
DA:157,0
DA:162,0
DA:165,1
DA:171,3
DA:172,2
DA:173,0
DA:177,1
DA:184,1
DA:188,1
DA:194,3
DA:195,2
DA:196,0
DA:199,2
DA:200,0
DA:204,1
DA:211,1
DA:215,1
DA:220,2
DA:221,1
DA:222,2
DA:225,2
DA:226,0
DA:230,1
DA:231,3
DA:233,2
DA:234,4
DA:237,2
DA:239,1
DA:240,3
DA:243,2
DA:247,0
DA:248,0
DA:250,0
DA:251,0
DA:253,0
DA:254,0
DA:257,0
DA:260,0
DA:263,0
DA:266,0
DA:269,0
DA:273,0
DA:274,0
DA:276,0
DA:277,0
DA:279,0
DA:280,0
DA:283,0
DA:286,0
DA:289,0
DA:291,0
DA:295,1
DA:296,3
DA:298,0
DA:299,0
DA:301,0
DA:302,0
DA:305,0
DA:308,0
DA:311,0
DA:313,0
DA:317,1
DA:325,1
DA:326,3
DA:328,2
DA:329,4
DA:332,2
DA:334,2
DA:335,3
DA:338,2
DA:339,0
DA:342,2
DA:343,2
DA:346,2
DA:347,0
DA:350,1
DA:354,1
DA:355,5
DA:359,1
DA:360,2
DA:361,0
DA:363,2
LF:97
LH:46
end_of_record
SF:lib/src/global_event_manager.dart
DA:8,3
DA:9,2
DA:10,1
DA:33,0
DA:34,0
DA:35,0
DA:39,1
DA:44,1
DA:53,1
DA:60,1
DA:67,1
DA:68,0
DA:70,1
DA:73,2
DA:76,1
DA:79,1
DA:83,0
DA:84,0
DA:92,1
DA:99,1
DA:107,0
DA:108,0
DA:117,1
DA:124,1
DA:125,2
DA:129,2
DA:130,1
DA:140,1
DA:141,2
DA:142,0
DA:143,0
DA:148,2
DA:152,0
DA:153,0
DA:155,0
DA:156,0
DA:157,0
DA:162,0
DA:163,0
DA:165,0
DA:166,0
DA:171,0
DA:173,0
DA:174,0
DA:177,0
DA:178,0
DA:182,0
DA:183,0
DA:184,0
DA:186,0
DA:187,0
DA:191,0
DA:192,0
DA:197,1
DA:203,1
DA:205,1
DA:207,1
DA:209,1
DA:210,1
DA:212,1
DA:213,1
DA:216,1
DA:217,2
DA:220,0
DA:223,0
DA:225,0
DA:234,0
DA:241,0
DA:242,0
DA:243,0
DA:244,0
DA:245,0
DA:246,0
DA:247,0
DA:248,0
DA:259,1
DA:266,1
DA:270,2
DA:272,1
DA:274,4
DA:277,1
DA:279,0
DA:280,0
DA:281,0
DA:285,0
DA:289,2
DA:292,1
DA:302,1
DA:303,2
DA:305,0
DA:306,0
DA:311,1
DA:312,2
DA:313,3
DA:314,1
DA:316,2
DA:317,1
DA:318,1
DA:324,0
DA:325,0
DA:327,0
DA:329,0
DA:330,0
DA:334,0
DA:335,0
DA:338,0
DA:339,0
DA:340,0
DA:347,0
DA:348,0
DA:349,0
DA:350,0
DA:351,0
DA:352,0
DA:356,0
DA:359,0
DA:362,0
DA:365,0
DA:366,0
DA:367,0
DA:368,0
DA:369,0
DA:370,0
DA:371,0
DA:372,0
LF:125
LH:49
end_of_record
